yarn run v1.22.4
$ storybook build --output-dir C:\Users\rizva\AppData\Local\Temp\chromatic--11984-hDSc7VJw3nxD
@storybook/cli v7.5.3

info => Cleaning outputDir: C:\Users\rizva\AppData\Local\Temp\chromatic--11984-hDSc7VJw3nxD
info => Loading presets
info => Building manager..
info => Manager built (229 ms)
info => Building preview..
info => Copying static files: D:\Projects\React\ui-design-system\node_modules\@storybook\manager\static at C:\Users\rizva\AppData\Local\Temp\chromatic--11984-hDSc7VJw3nxD\sb-common-assets
[36mvite v4.3.9 [32mbuilding for production...[36m[39m

./sb-common-assets/fonts.css doesn't exist at build time, it will remain unchanged to be resolved at runtime
transforming...
node_modules/telejson/dist/index.mjs (1413:15) Use of eval in "node_modules/telejson/dist/index.mjs" is strongly discouraged as it poses security risks and may cause issues with minification.
node_modules/telejson/dist/index.mjs (1416:18) Use of eval in "node_modules/telejson/dist/index.mjs" is strongly discouraged as it poses security risks and may cause issues with minification.
[32m✓[39m 1418 modules transformed.
rendering chunks...
computing gzip size...
[2mC:/Users/rizva/AppData/Local/Temp/chromatic--11984-hDSc7VJw3nxD/[22m[32massets/youtube-9f26eb0b.svg                                                 [39m[1m[2m  0.72 kB[22m[1m[22m[2m │ gzip:   0.36 kB[22m
[2mC:/Users/rizva/AppData/Local/Temp/chromatic--11984-hDSc7VJw3nxD/[22m[32massets/tutorials-adff6365.svg                                               [39m[1m[2m  1.27 kB[22m[1m[22m[2m │ gzip:   0.63 kB[22m
[2mC:/Users/rizva/AppData/Local/Temp/chromatic--11984-hDSc7VJw3nxD/[22m[32massets/discord-f7d1b78c.svg                                                 [39m[1m[2m  2.41 kB[22m[1m[22m[2m │ gzip:   1.15 kB[22m
[2mC:/Users/rizva/AppData/Local/Temp/chromatic--11984-hDSc7VJw3nxD/[22m[32massets/github-cdfc3270.svg                                                  [39m[1m[2m  2.72 kB[22m[1m[22m[2m │ gzip:   1.28 kB[22m
[2mC:/Users/rizva/AppData/Local/Temp/chromatic--11984-hDSc7VJw3nxD/[22m[32massets/context-c612d889.png                                                 [39m[1m[2m  6.12 kB[22m[1m[22m
[2mC:/Users/rizva/AppData/Local/Temp/chromatic--11984-hDSc7VJw3nxD/[22m[32massets/styling-c83082e0.png                                                 [39m[1m[2m  7.24 kB[22m[1m[22m
[2mC:/Users/rizva/AppData/Local/Temp/chromatic--11984-hDSc7VJw3nxD/[22m[32miframe.html                                                                 [39m[1m[2m 12.75 kB[22m[1m[22m[2m │ gzip:   3.57 kB[22m
[2mC:/Users/rizva/AppData/Local/Temp/chromatic--11984-hDSc7VJw3nxD/[22m[32massets/docs-5b0c7100.png                                                    [39m[1m[2m 27.88 kB[22m[1m[22m
[2mC:/Users/rizva/AppData/Local/Temp/chromatic--11984-hDSc7VJw3nxD/[22m[32massets/share-b59d6c77.png                                                   [39m[1m[2m 40.77 kB[22m[1m[22m
[2mC:/Users/rizva/AppData/Local/Temp/chromatic--11984-hDSc7VJw3nxD/[22m[32massets/accessibility-cd6d60f7.png                                           [39m[1m[2m 42.34 kB[22m[1m[22m
[2mC:/Users/rizva/AppData/Local/Temp/chromatic--11984-hDSc7VJw3nxD/[22m[32massets/figma-plugin-b0a5ad2d.png                                            [39m[1m[2m 44.25 kB[22m[1m[22m
[2mC:/Users/rizva/AppData/Local/Temp/chromatic--11984-hDSc7VJw3nxD/[22m[32massets/theming-b6e819c3.png                                                 [39m[1m[2m 44.37 kB[22m[1m[22m
[2mC:/Users/rizva/AppData/Local/Temp/chromatic--11984-hDSc7VJw3nxD/[22m[32massets/testing-6a59f681.png                                                 [39m[1m[2m 49.31 kB[22m[1m[22m
[2mC:/Users/rizva/AppData/Local/Temp/chromatic--11984-hDSc7VJw3nxD/[22m[32massets/addon-library-bc7ba705.png                                           [39m[1m[2m467.37 kB[22m[1m[22m
[2mC:/Users/rizva/AppData/Local/Temp/chromatic--11984-hDSc7VJw3nxD/[22m[35massets/Header-a6911580.css                                                  [39m[1m[2m  0.51 kB[22m[1m[22m[2m │ gzip:   0.31 kB[22m
[2mC:/Users/rizva/AppData/Local/Temp/chromatic--11984-hDSc7VJw3nxD/[22m[35massets/Button-bc1a867b.css                                                  [39m[1m[2m  0.52 kB[22m[1m[22m[2m │ gzip:   0.29 kB[22m
[2mC:/Users/rizva/AppData/Local/Temp/chromatic--11984-hDSc7VJw3nxD/[22m[35massets/Page.stories-ece1482a.css                                            [39m[1m[2m  0.93 kB[22m[1m[22m[2m │ gzip:   0.39 kB[22m
[2mC:/Users/rizva/AppData/Local/Temp/chromatic--11984-hDSc7VJw3nxD/[22m[36massets/index-186b3228.js                                                    [39m[1m[2m  0.25 kB[22m[1m[22m[2m │ gzip:   0.20 kB[22m[2m │ map:     0.10 kB[22m
[2mC:/Users/rizva/AppData/Local/Temp/chromatic--11984-hDSc7VJw3nxD/[22m[36massets/emotion-use-insertion-effect-with-fallbacks.browser.esm-ae8e40e8.js  [39m[1m[2m  0.27 kB[22m[1m[22m[2m │ gzip:   0.23 kB[22m[2m │ map:     1.12 kB[22m
[2mC:/Users/rizva/AppData/Local/Temp/chromatic--11984-hDSc7VJw3nxD/[22m[36massets/WithTooltip-4HIR6TLV-4a9b1004.js                                     [39m[1m[2m  0.51 kB[22m[1m[22m[2m │ gzip:   0.30 kB[22m[2m │ map:     0.11 kB[22m
[2mC:/Users/rizva/AppData/Local/Temp/chromatic--11984-hDSc7VJw3nxD/[22m[36massets/syntaxhighlighter-NMPM6SWI-88902402.js                               [39m[1m[2m  0.52 kB[22m[1m[22m[2m │ gzip:   0.33 kB[22m[2m │ map:     0.12 kB[22m
[2mC:/Users/rizva/AppData/Local/Temp/chromatic--11984-hDSc7VJw3nxD/[22m[36massets/index-1d576ef5.js                                                    [39m[1m[2m  0.53 kB[22m[1m[22m[2m │ gzip:   0.34 kB[22m[2m │ map:     4.26 kB[22m
[2mC:/Users/rizva/AppData/Local/Temp/chromatic--11984-hDSc7VJw3nxD/[22m[36massets/react-18-eea25a89.js                                                 [39m[1m[2m  0.59 kB[22m[1m[22m[2m │ gzip:   0.38 kB[22m[2m │ map:     2.58 kB[22m
[2mC:/Users/rizva/AppData/Local/Temp/chromatic--11984-hDSc7VJw3nxD/[22m[36massets/preview-d6b02351.js                                                  [39m[1m[2m  0.62 kB[22m[1m[22m[2m │ gzip:   0.39 kB[22m[2m │ map:     0.53 kB[22m
[2mC:/Users/rizva/AppData/Local/Temp/chromatic--11984-hDSc7VJw3nxD/[22m[36massets/preview-06eb91f1.js                                                  [39m[1m[2m  0.63 kB[22m[1m[22m[2m │ gzip:   0.41 kB[22m[2m │ map:     2.29 kB[22m
[2mC:/Users/rizva/AppData/Local/Temp/chromatic--11984-hDSc7VJw3nxD/[22m[36massets/preview-87eac49b.js                                                  [39m[1m[2m  0.68 kB[22m[1m[22m[2m │ gzip:   0.48 kB[22m[2m │ map:     3.84 kB[22m
[2mC:/Users/rizva/AppData/Local/Temp/chromatic--11984-hDSc7VJw3nxD/[22m[36massets/_commonjsHelpers-042e6b4d.js                                         [39m[1m[2m  0.78 kB[22m[1m[22m[2m │ gzip:   0.44 kB[22m[2m │ map:     0.11 kB[22m
[2mC:/Users/rizva/AppData/Local/Temp/chromatic--11984-hDSc7VJw3nxD/[22m[36massets/index-356e4a49.js                                                    [39m[1m[2m  0.81 kB[22m[1m[22m[2m │ gzip:   0.51 kB[22m[2m │ map:     3.23 kB[22m
[2mC:/Users/rizva/AppData/Local/Temp/chromatic--11984-hDSc7VJw3nxD/[22m[36massets/index-1fc0ca9a.js                                                    [39m[1m[2m  0.84 kB[22m[1m[22m[2m │ gzip:   0.55 kB[22m[2m │ map:     4.03 kB[22m
[2mC:/Users/rizva/AppData/Local/Temp/chromatic--11984-hDSc7VJw3nxD/[22m[36massets/preview-b3c37142.js                                                  [39m[1m[2m  0.90 kB[22m[1m[22m[2m │ gzip:   0.59 kB[22m[2m │ map:     2.89 kB[22m
[2mC:/Users/rizva/AppData/Local/Temp/chromatic--11984-hDSc7VJw3nxD/[22m[36massets/jsx-runtime-91a467a5.js                                              [39m[1m[2m  1.02 kB[22m[1m[22m[2m │ gzip:   0.64 kB[22m[2m │ map:     2.26 kB[22m
[2mC:/Users/rizva/AppData/Local/Temp/chromatic--11984-hDSc7VJw3nxD/[22m[36massets/Header.stories-4f12c509.js                                           [39m[1m[2m  1.06 kB[22m[1m[22m[2m │ gzip:   0.55 kB[22m[2m │ map:     0.11 kB[22m
[2mC:/Users/rizva/AppData/Local/Temp/chromatic--11984-hDSc7VJw3nxD/[22m[36massets/StoryLinkWrapper-f7a8a26b.js                                         [39m[1m[2m  1.11 kB[22m[1m[22m[2m │ gzip:   0.52 kB[22m[2m │ map:     1.89 kB[22m
[2mC:/Users/rizva/AppData/Local/Temp/chromatic--11984-hDSc7VJw3nxD/[22m[36massets/animation-3d278c8f.js                                                [39m[1m[2m  1.24 kB[22m[1m[22m[2m │ gzip:   0.43 kB[22m[2m │ map:     2.15 kB[22m
[2mC:/Users/rizva/AppData/Local/Temp/chromatic--11984-hDSc7VJw3nxD/[22m[36massets/DocsRenderer-NNNQARDV-6e8387a9.js                                    [39m[1m[2m  1.39 kB[22m[1m[22m[2m │ gzip:   0.76 kB[22m[2m │ map:     2.63 kB[22m
[2mC:/Users/rizva/AppData/Local/Temp/chromatic--11984-hDSc7VJw3nxD/[22m[36massets/Button-8f72e005.js                                                   [39m[1m[2m  1.51 kB[22m[1m[22m[2m │ gzip:   0.71 kB[22m[2m │ map:     2.00 kB[22m
[2mC:/Users/rizva/AppData/Local/Temp/chromatic--11984-hDSc7VJw3nxD/[22m[36massets/Button.stories-7f7b41ae.js                                           [39m[1m[2m  1.71 kB[22m[1m[22m[2m │ gzip:   0.67 kB[22m[2m │ map:     0.13 kB[22m
[2mC:/Users/rizva/AppData/Local/Temp/chromatic--11984-hDSc7VJw3nxD/[22m[36massets/Header-8aec8db0.js                                                   [39m[1m[2m  1.73 kB[22m[1m[22m[2m │ gzip:   0.85 kB[22m[2m │ map:     3.13 kB[22m
[2mC:/Users/rizva/AppData/Local/Temp/chromatic--11984-hDSc7VJw3nxD/[22m[36massets/preview-1066d3c2.js                                                  [39m[1m[2m  1.86 kB[22m[1m[22m[2m │ gzip:   0.99 kB[22m[2m │ map:     3.73 kB[22m
[2mC:/Users/rizva/AppData/Local/Temp/chromatic--11984-hDSc7VJw3nxD/[22m[36massets/chunk-AY7I2SME-5eb1ab46.js                                           [39m[1m[2m  1.87 kB[22m[1m[22m[2m │ gzip:   1.02 kB[22m[2m │ map:     8.66 kB[22m
[2mC:/Users/rizva/AppData/Local/Temp/chromatic--11984-hDSc7VJw3nxD/[22m[36massets/styles-e84c824f.js                                                   [39m[1m[2m  2.13 kB[22m[1m[22m[2m │ gzip:   1.20 kB[22m[2m │ map:    19.68 kB[22m
[2mC:/Users/rizva/AppData/Local/Temp/chromatic--11984-hDSc7VJw3nxD/[22m[36massets/index-d37d4223.js                                                    [39m[1m[2m  2.63 kB[22m[1m[22m[2m │ gzip:   1.30 kB[22m[2m │ map:     7.44 kB[22m
[2mC:/Users/rizva/AppData/Local/Temp/chromatic--11984-hDSc7VJw3nxD/[22m[36massets/Icon.stories-e98bc0db.js                                             [39m[1m[2m  3.26 kB[22m[1m[22m[2m │ gzip:   1.28 kB[22m[2m │ map:     0.14 kB[22m
[2mC:/Users/rizva/AppData/Local/Temp/chromatic--11984-hDSc7VJw3nxD/[22m[36massets/preview-108c1c3c.js                                                  [39m[1m[2m  3.26 kB[22m[1m[22m[2m │ gzip:   1.41 kB[22m[2m │ map:    10.05 kB[22m
[2mC:/Users/rizva/AppData/Local/Temp/chromatic--11984-hDSc7VJw3nxD/[22m[36massets/Badge.stories-4387ab55.js                                            [39m[1m[2m  4.89 kB[22m[1m[22m[2m │ gzip:   1.61 kB[22m[2m │ map:     2.68 kB[22m
[2mC:/Users/rizva/AppData/Local/Temp/chromatic--11984-hDSc7VJw3nxD/[22m[36massets/Avatar.stories-a86380c5.js                                           [39m[1m[2m  6.36 kB[22m[1m[22m[2m │ gzip:   2.14 kB[22m[2m │ map:     5.87 kB[22m
[2mC:/Users/rizva/AppData/Local/Temp/chromatic--11984-hDSc7VJw3nxD/[22m[36massets/index-8db94870.js                                                    [39m[1m[2m  7.21 kB[22m[1m[22m[2m │ gzip:   2.95 kB[22m[2m │ map:    15.65 kB[22m
[2mC:/Users/rizva/AppData/Local/Temp/chromatic--11984-hDSc7VJw3nxD/[22m[36massets/Link.stories-8c4c7f70.js                                             [39m[1m[2m  7.33 kB[22m[1m[22m[2m │ gzip:   2.31 kB[22m[2m │ map:     6.70 kB[22m
[2mC:/Users/rizva/AppData/Local/Temp/chromatic--11984-hDSc7VJw3nxD/[22m[36massets/preview-b8d6c68d.js                                                  [39m[1m[2m  7.67 kB[22m[1m[22m[2m │ gzip:   1.59 kB[22m[2m │ map:    13.68 kB[22m
[2mC:/Users/rizva/AppData/Local/Temp/chromatic--11984-hDSc7VJw3nxD/[22m[36massets/iframe-6ead2f7f.js                                                   [39m[1m[2m  7.67 kB[22m[1m[22m[2m │ gzip:   1.98 kB[22m[2m │ map:     6.12 kB[22m
[2mC:/Users/rizva/AppData/Local/Temp/chromatic--11984-hDSc7VJw3nxD/[22m[36massets/preview-2059b184.js                                                  [39m[1m[2m  8.32 kB[22m[1m[22m[2m │ gzip:   3.20 kB[22m[2m │ map:    29.32 kB[22m
[2mC:/Users/rizva/AppData/Local/Temp/chromatic--11984-hDSc7VJw3nxD/[22m[36massets/polished.esm-b6220ab2.js                                             [39m[1m[2m 10.91 kB[22m[1m[22m[2m │ gzip:   3.90 kB[22m[2m │ map:   150.07 kB[22m
[2mC:/Users/rizva/AppData/Local/Temp/chromatic--11984-hDSc7VJw3nxD/[22m[36massets/Configure-764012be.js                                                [39m[1m[2m 17.09 kB[22m[1m[22m[2m │ gzip:   7.78 kB[22m[2m │ map:    26.18 kB[22m
[2mC:/Users/rizva/AppData/Local/Temp/chromatic--11984-hDSc7VJw3nxD/[22m[36massets/emotion-react-jsx-runtime.browser.esm-717d8bd1.js                    [39m[1m[2m 17.55 kB[22m[1m[22m[2m │ gzip:   7.09 kB[22m[2m │ map:   106.67 kB[22m
[2mC:/Users/rizva/AppData/Local/Temp/chromatic--11984-hDSc7VJw3nxD/[22m[36massets/preview-cfb5d776.js                                                  [39m[1m[2m 21.12 kB[22m[1m[22m[2m │ gzip:   7.00 kB[22m[2m │ map:    68.15 kB[22m
[2mC:/Users/rizva/AppData/Local/Temp/chromatic--11984-hDSc7VJw3nxD/[22m[36massets/Button.stories-652ee702.js                                           [39m[1m[2m 22.77 kB[22m[1m[22m[2m │ gzip:   3.90 kB[22m[2m │ map:    15.73 kB[22m
[2mC:/Users/rizva/AppData/Local/Temp/chromatic--11984-hDSc7VJw3nxD/[22m[36massets/Color-6VNJS4EI-8b2b368d.js                                           [39m[1m[2m 31.11 kB[22m[1m[22m[2m │ gzip:  11.69 kB[22m[2m │ map:   112.17 kB[22m
[2mC:/Users/rizva/AppData/Local/Temp/chromatic--11984-hDSc7VJw3nxD/[22m[36massets/Icon-266bd3f1.js                                                     [39m[1m[2m140.39 kB[22m[1m[22m[2m │ gzip:  51.55 kB[22m[2m │ map:   155.71 kB[22m
[2mC:/Users/rizva/AppData/Local/Temp/chromatic--11984-hDSc7VJw3nxD/[22m[36massets/index-d7375a6d.js                                                    [39m[1m[2m212.78 kB[22m[1m[22m[2m │ gzip:  66.50 kB[22m[2m │ map:   648.37 kB[22m
[2mC:/Users/rizva/AppData/Local/Temp/chromatic--11984-hDSc7VJw3nxD/[22m[36massets/config-6e9892c8.js                                                   [39m[1m[2m213.48 kB[22m[1m[22m[2m │ gzip:  66.39 kB[22m[2m │ map:   801.40 kB[22m
[2mC:/Users/rizva/AppData/Local/Temp/chromatic--11984-hDSc7VJw3nxD/[22m[36massets/Page.stories-406b5198.js                                             [39m[1m[2m368.22 kB[22m[1m[22m[2m │ gzip:  83.71 kB[22m[2m │ map: 1,314.26 kB[22m
[2mC:/Users/rizva/AppData/Local/Temp/chromatic--11984-hDSc7VJw3nxD/[22m[36massets/index-71cc96f6.js                                                    [39m[1m[33m523.54 kB[39m[22m[2m │ gzip: 170.85 kB[22m[2m │ map: 1,395.28 kB[22m
[2mC:/Users/rizva/AppData/Local/Temp/chromatic--11984-hDSc7VJw3nxD/[22m[36massets/formatter-SWP5E3XI-acc8ff3e.js                                       [39m[1m[33m601.70 kB[39m[22m[2m │ gzip: 185.11 kB[22m[2m │ map: 1,314.23 kB[22m
[33m
(!) Some chunks are larger than 500 kBs after minification. Consider:
- Using dynamic import() to code-split the application
- Use build.rollupOptions.output.manualChunks to improve chunking: https://rollupjs.org/configuration-options/#output-manualchunks
- Adjust chunk size limit for this warning via build.chunkSizeWarningLimit.[39m
[32m✓ built in 15.37s[39m
info => Preview built (17 s)
info => Output directory: C:\Users\rizva\AppData\Local\Temp\chromatic--11984-hDSc7VJw3nxD
Done in 21.94s.
